\BOOKMARK [0][]{part.4}{I Einleitung}{}
\BOOKMARK [1][]{section.5}{1 Motivation}{part.4}
\BOOKMARK [2][]{subsection.6}{1.1 pludoni GmbH}{section.5}
\BOOKMARK [2][]{subsection.7}{1.2 Ziel}{section.5}
\BOOKMARK [1][]{section.8}{2 Aufbau}{part.4}
\BOOKMARK [0][]{part.9}{II Theoretische Grundlagen}{}
\BOOKMARK [1][]{section.10}{3 Technische Voraussetzungen}{part.9}
\BOOKMARK [1][]{section.12}{4 Methoden der Web-Performance-Optimierung}{part.9}
\BOOKMARK [1][]{section.16}{5 Einordnung von Performanzproblemen}{part.9}
\BOOKMARK [2][]{subsection.17}{5.1 Clientseitige Probleme}{section.16}
\BOOKMARK [3][]{subsubsection.18}{5.1.1 Netzwerkverbindung}{subsection.17}
\BOOKMARK [3][]{subsubsection.22}{5.1.2 Browser}{subsection.17}
\BOOKMARK [2][]{subsection.30}{5.2 Serverseitige Probleme}{section.16}
\BOOKMARK [3][]{subsubsection.31}{5.2.1 Netzwerkverbindung}{subsection.30}
\BOOKMARK [3][]{subsubsection.32}{5.2.2 Datenbankabfragen}{subsection.30}
\BOOKMARK [1][]{section.33}{6 Wirtschaftliche Aspekte}{part.9}
\BOOKMARK [2][]{subsection.34}{6.1 Usability}{section.33}
\BOOKMARK [2][]{subsection.35}{6.2 Google Ranking}{section.33}
\BOOKMARK [2][]{subsection.37}{6.3 Serverlast}{section.33}
\BOOKMARK [0][]{part.39}{III Praxisteil}{}
\BOOKMARK [1][]{section.40}{7 Versuchsaufbau}{part.39}
\BOOKMARK [1][]{section.41}{8 Testverfahren}{part.39}
\BOOKMARK [2][]{subsection.43}{8.1 Servertest}{section.41}
\BOOKMARK [2][]{subsection.46}{8.2 Browsertest}{section.41}
\BOOKMARK [2][]{subsection.51}{8.3 Andere Analyseverfahren}{section.41}
\BOOKMARK [1][]{section.53}{9 Ausgangszustand}{part.39}
\BOOKMARK [1][]{section.76}{10 Implementierung und Test der einzelnen Methoden}{part.39}
\BOOKMARK [2][]{subsection.77}{10.1 Alternative PHP Cache}{section.76}
\BOOKMARK [2][]{subsection.101}{10.2 Drupal Cache}{section.76}
\BOOKMARK [2][]{subsection.121}{10.3 JS Aggregation und Minifizierung mit dem Javascript Aggregation Modul}{section.76}
\BOOKMARK [2][]{subsection.124}{10.4 CSS Aggregation und Komprimierung}{section.76}
\BOOKMARK [2][]{subsection.126}{10.5 Drupal Boost Modul}{section.76}
\BOOKMARK [2][]{subsection.128}{10.6 Bildkompression mit jpegoptim und OptiPNG}{section.76}
\BOOKMARK [3][]{subsubsection.129}{10.6.1 Verlustfreie Kompression}{subsection.128}
\BOOKMARK [3][]{subsubsection.134}{10.6.2 Verlustbehaftete Kompression}{subsection.128}
\BOOKMARK [2][]{subsection.139}{10.7 Drupal 5 Fehler bei umgef\344rbten Themes}{section.76}
\BOOKMARK [2][]{subsection.141}{10.8 Theme Bilder spriten}{section.76}
\BOOKMARK [2][]{subsection.143}{10.9 Module von Startseite entfernen}{section.76}
\BOOKMARK [3][]{subsubsection.144}{10.9.1 Partnerslideshow}{subsection.143}
\BOOKMARK [3][]{subsubsection.146}{10.9.2 Facebook Widget}{subsection.143}
\BOOKMARK [3][]{subsubsection.148}{10.9.3 Jobleiste deaktiviert}{subsection.143}
\BOOKMARK [2][]{subsection.150}{10.10 Umprogrammierung der Module}{section.76}
\BOOKMARK [3][]{subsubsection.151}{10.10.1 Partnerslideshow}{subsection.150}
\BOOKMARK [3][]{subsubsection.172}{10.10.2 Facebook Widget}{subsection.150}
\BOOKMARK [3][]{subsubsection.189}{10.10.3 Partneranzeigen}{subsection.150}
\BOOKMARK [1][]{section.209}{11 Endergebnis}{part.39}
\BOOKMARK [1][]{section.211}{12 Vergleich}{part.39}
\BOOKMARK [1][]{section.214}{13 Zusammenfassung und Ausblick}{part.39}
